<?xml version="1.0" encoding="UTF-8"?>
<!-- Generated by org.testng.reporters.JUnitXMLReporter -->
<testsuite hostname="DESKTOP-7A46BKQ" name="Test" tests="1" failures="1" timestamp="16 Jan 2018 00:55:13 GMT" time="59.244" errors="0">
  <testcase name="verifyProductSavedForLater on [WilliamsSonomaCookwareShoppingCartTests passed=0 failed=0 skipped=0]" time="51.242" classname="com.williamssonoma.williamsSonomaTestAutomation.WilliamsSonomaCookwareShoppingCartTests">
    <failure type="java.lang.NullPointerException">
      <![CDATA[java.lang.NullPointerException
	at com.williamssonoma.williamsSonomaTestAutomation.WilliamsSonomaCookwareShoppingCartTests.verifyProductSavedForLater(WilliamsSonomaCookwareShoppingCartTests.java:64)
... Removed 27 stack frames]]>
    </failure>
  </testcase> <!-- verifyProductSavedForLater on [WilliamsSonomaCookwareShoppingCartTests passed=0 failed=0 skipped=0] -->
</testsuite> <!-- Test -->
