<?xml version="1.0" encoding="UTF-8"?>
<testng-results skipped="0" failed="1" total="1" passed="0">
  <reporter-output>
    <line>
      <![CDATA[Launching Williams Sonoma Main Page]]>
    </line>
    <line>
      <![CDATA[Clicking on Cookware link from the Menu]]>
    </line>
    <line>
      <![CDATA[Navigating to Cookware Page]]>
    </line>
    <line>
      <![CDATA[Clicking on the menu Tea kettle]]>
    </line>
    <line>
      <![CDATA[Navigating to Tea Kettles Page]]>
    </line>
    <line>
      <![CDATA[Clicking on a Tea Kettle Product from the Tea Kettles page]]>
    </line>
    <line>
      <![CDATA[Navigating to the Tea Kettle product Page]]>
    </line>
    <line>
      <![CDATA[Clicking on 'Add to Cart' button]]>
    </line>
    <line>
      <![CDATA[Clicking on Checkout button on the confirmation overlay widget]]>
    </line>
    <line>
      <![CDATA[<a href='C:\Users\Riya\eclipse-workspace\williams-sonoma-selenium-automation\ws-selenium-automation\screenshots\failure_screenshots\verifyProductSavedForLater on [WilliamsSonomaCookwareShoppingCartTests passed=0 failed=0 skipped=0]_15_01_2018_04_55_10.png'> <img src='C:\Users\Riya\eclipse-workspace\williams-sonoma-selenium-automation\ws-selenium-automation\screenshots\failure_screenshots\verifyProductSavedForLater on [WilliamsSonomaCookwareShoppingCartTests passed=0 failed=0 skipped=0]_15_01_2018_04_55_10.png' height='100' width='100'/>screenshot </a>]]>
    </line>
  </reporter-output>
  <suite name="Regression Suite" duration-ms="59244" started-at="2018-01-16T00:54:14Z" finished-at="2018-01-16T00:55:13Z">
    <groups>
    </groups>
    <test name="Test" duration-ms="59244" started-at="2018-01-16T00:54:14Z" finished-at="2018-01-16T00:55:13Z">
      <class name="com.williamssonoma.williamsSonomaTestAutomation.WilliamsSonomaCookwareShoppingCartTests">
        <test-method status="PASS" signature="beforeSuite()[pri:0, instance:[WilliamsSonomaCookwareShoppingCartTests passed=0 failed=0 skipped=0]]" name="beforeSuite" is-config="true" duration-ms="11" started-at="2018-01-15T16:54:14Z" finished-at="2018-01-15T16:54:14Z">
          <reporter-output>
          </reporter-output>
        </test-method> <!-- beforeSuite -->
        <test-method status="PASS" signature="beforeTest()[pri:0, instance:[WilliamsSonomaCookwareShoppingCartTests passed=0 failed=0 skipped=0]]" name="beforeTest" is-config="true" duration-ms="4868" started-at="2018-01-15T16:54:14Z" finished-at="2018-01-15T16:54:18Z">
          <reporter-output>
          </reporter-output>
        </test-method> <!-- beforeTest -->
        <test-method status="PASS" signature="beforeClass()[pri:0, instance:[WilliamsSonomaCookwareShoppingCartTests passed=0 failed=0 skipped=0]]" name="beforeClass" is-config="true" duration-ms="158" started-at="2018-01-15T16:54:18Z" finished-at="2018-01-15T16:54:19Z">
          <reporter-output>
          </reporter-output>
        </test-method> <!-- beforeClass -->
        <test-method status="PASS" signature="beforeMethod(java.lang.reflect.Method)[pri:0, instance:[WilliamsSonomaCookwareShoppingCartTests passed=0 failed=0 skipped=0]]" name="beforeMethod" is-config="true" duration-ms="1" started-at="2018-01-15T16:54:19Z" finished-at="2018-01-15T16:54:19Z">
          <params>
            <param index="0">
              <value>
                <![CDATA[public void com.williamssonoma.williamsSonomaTestAutomation.WilliamsSonomaCookwareShoppingCartTests.verifyProductSavedForLater() throws java.lang.InterruptedException]]>
              </value>
            </param>
          </params>
          <reporter-output>
          </reporter-output>
        </test-method> <!-- beforeMethod -->
        <test-method status="FAIL" signature="verifyProductSavedForLater()[pri:0, instance:[WilliamsSonomaCookwareShoppingCartTests passed=0 failed=0 skipped=0]]" name="verifyProductSavedForLater" duration-ms="51242" started-at="2018-01-15T16:54:19Z" finished-at="2018-01-15T16:55:10Z">
          <exception class="java.lang.NullPointerException">
            <full-stacktrace>
              <![CDATA[java.lang.NullPointerException
	at com.williamssonoma.williamsSonomaTestAutomation.WilliamsSonomaCookwareShoppingCartTests.verifyProductSavedForLater(WilliamsSonomaCookwareShoppingCartTests.java:64)
	at sun.reflect.NativeMethodAccessorImpl.invoke0(Native Method)
	at sun.reflect.NativeMethodAccessorImpl.invoke(NativeMethodAccessorImpl.java:62)
	at sun.reflect.DelegatingMethodAccessorImpl.invoke(DelegatingMethodAccessorImpl.java:43)
	at java.lang.reflect.Method.invoke(Method.java:498)
	at org.testng.internal.MethodInvocationHelper.invokeMethod(MethodInvocationHelper.java:85)
	at org.testng.internal.Invoker.invokeMethod(Invoker.java:639)
	at org.testng.internal.Invoker.invokeTestMethod(Invoker.java:816)
	at org.testng.internal.Invoker.invokeTestMethods(Invoker.java:1124)
	at org.testng.internal.TestMethodWorker.invokeTestMethods(TestMethodWorker.java:125)
	at org.testng.internal.TestMethodWorker.run(TestMethodWorker.java:108)
	at org.testng.TestRunner.privateRun(TestRunner.java:774)
	at org.testng.TestRunner.run(TestRunner.java:624)
	at org.testng.SuiteRunner.runTest(SuiteRunner.java:359)
	at org.testng.SuiteRunner.runSequentially(SuiteRunner.java:354)
	at org.testng.SuiteRunner.privateRun(SuiteRunner.java:312)
	at org.testng.SuiteRunner.run(SuiteRunner.java:261)
	at org.testng.SuiteRunnerWorker.runSuite(SuiteRunnerWorker.java:52)
	at org.testng.SuiteRunnerWorker.run(SuiteRunnerWorker.java:86)
	at org.testng.TestNG.runSuitesSequentially(TestNG.java:1215)
	at org.testng.TestNG.runSuitesLocally(TestNG.java:1140)
	at org.testng.TestNG.run(TestNG.java:1048)
	at org.apache.maven.surefire.testng.TestNGExecutor.run(TestNGExecutor.java:295)
	at org.apache.maven.surefire.testng.TestNGXmlTestSuite.execute(TestNGXmlTestSuite.java:84)
	at org.apache.maven.surefire.testng.TestNGProvider.invoke(TestNGProvider.java:90)
	at org.apache.maven.surefire.booter.ForkedBooter.invokeProviderInSameClassLoader(ForkedBooter.java:203)
	at org.apache.maven.surefire.booter.ForkedBooter.runSuitesInProcess(ForkedBooter.java:155)
	at org.apache.maven.surefire.booter.ForkedBooter.main(ForkedBooter.java:103)
]]>
            </full-stacktrace>
          </exception> <!-- java.lang.NullPointerException -->
          <reporter-output>
            <line>
              <![CDATA[Launching Williams Sonoma Main Page]]>
            </line>
            <line>
              <![CDATA[Clicking on Cookware link from the Menu]]>
            </line>
            <line>
              <![CDATA[Navigating to Cookware Page]]>
            </line>
            <line>
              <![CDATA[Clicking on the menu Tea kettle]]>
            </line>
            <line>
              <![CDATA[Navigating to Tea Kettles Page]]>
            </line>
            <line>
              <![CDATA[Clicking on a Tea Kettle Product from the Tea Kettles page]]>
            </line>
            <line>
              <![CDATA[Navigating to the Tea Kettle product Page]]>
            </line>
            <line>
              <![CDATA[Clicking on 'Add to Cart' button]]>
            </line>
            <line>
              <![CDATA[Clicking on Checkout button on the confirmation overlay widget]]>
            </line>
          </reporter-output>
        </test-method> <!-- verifyProductSavedForLater -->
        <test-method status="PASS" signature="afterMethod(org.testng.ITestResult)[pri:0, instance:[WilliamsSonomaCookwareShoppingCartTests passed=0 failed=0 skipped=0]]" name="afterMethod" is-config="true" duration-ms="1241" started-at="2018-01-15T16:55:10Z" finished-at="2018-01-15T16:55:11Z">
          <params>
            <param index="0">
              <value>
                <![CDATA[[TestResult name=verifyProductSavedForLater on [WilliamsSonomaCookwareShoppingCartTests passed=0 failed=0 skipped=0] status=FAILURE method=WilliamsSonomaCookwareShoppingCartTests.verifyProductSavedForLater()[pri:0, instance:[WilliamsSonomaCookwareShoppingCartTests passed=0 failed=0 skipped=0]] output=Launching Williams Sonoma Main Page]]]>
              </value>
            </param>
          </params>
          <reporter-output>
            <line>
              <![CDATA[<a href='C:\Users\Riya\eclipse-workspace\williams-sonoma-selenium-automation\ws-selenium-automation\screenshots\failure_screenshots\verifyProductSavedForLater on [WilliamsSonomaCookwareShoppingCartTests passed=0 failed=0 skipped=0]_15_01_2018_04_55_10.png'> <img src='C:\Users\Riya\eclipse-workspace\williams-sonoma-selenium-automation\ws-selenium-automation\screenshots\failure_screenshots\verifyProductSavedForLater on [WilliamsSonomaCookwareShoppingCartTests passed=0 failed=0 skipped=0]_15_01_2018_04_55_10.png' height='100' width='100'/>screenshot </a>]]>
            </line>
          </reporter-output>
        </test-method> <!-- afterMethod -->
        <test-method status="PASS" signature="afterClass()[pri:0, instance:[WilliamsSonomaCookwareShoppingCartTests passed=0 failed=0 skipped=0]]" name="afterClass" is-config="true" duration-ms="1712" started-at="2018-01-15T16:55:11Z" finished-at="2018-01-15T16:55:13Z">
          <reporter-output>
          </reporter-output>
        </test-method> <!-- afterClass -->
        <test-method status="PASS" signature="teardown()[pri:0, instance:[WilliamsSonomaCookwareShoppingCartTests passed=0 failed=0 skipped=0]]" name="teardown" is-config="true" duration-ms="0" started-at="2018-01-15T16:55:13Z" finished-at="2018-01-15T16:55:13Z">
          <reporter-output>
          </reporter-output>
        </test-method> <!-- teardown -->
        <test-method status="PASS" signature="afterSuite()[pri:0, instance:[WilliamsSonomaCookwareShoppingCartTests passed=0 failed=0 skipped=0]]" name="afterSuite" is-config="true" duration-ms="0" started-at="2018-01-15T16:55:13Z" finished-at="2018-01-15T16:55:13Z">
          <reporter-output>
          </reporter-output>
        </test-method> <!-- afterSuite -->
      </class> <!-- com.williamssonoma.williamsSonomaTestAutomation.WilliamsSonomaCookwareShoppingCartTests -->
    </test> <!-- Test -->
  </suite> <!-- Regression Suite -->
</testng-results>
