-------------------------------------------------------------------------------
Test set: TestSuite
-------------------------------------------------------------------------------
Tests run: 1, Failures: 1, Errors: 0, Skipped: 0, Time elapsed: 60.87 sec <<< FAILURE! - in TestSuite
verifyProductSavedForLater on [WilliamsSonomaCookwareShoppingCartTests passed=0 failed=0 skipped=0](com.williamssonoma.williamsSonomaTestAutomation.WilliamsSonomaCookwareShoppingCartTests)  Time elapsed: 51.25 sec  <<< FAILURE!
java.lang.NullPointerException: null
	at com.williamssonoma.williamsSonomaTestAutomation.WilliamsSonomaCookwareShoppingCartTests.verifyProductSavedForLater(WilliamsSonomaCookwareShoppingCartTests.java:64)

