-------------------------------------------------------------------------------
Test set: TestSuite
-------------------------------------------------------------------------------
Tests run: 1, Failures: 1, Errors: 0, Skipped: 0, Time elapsed: 55.193 sec <<< FAILURE! - in TestSuite
verifyProductSavedForLater on [WilliamsSonomaCookwareShoppingCartTests passed=0 failed=0 skipped=0](com.williamssonoma.williamsSonomaTestAutomation.WilliamsSonomaCookwareShoppingCartTests)  Time elapsed: 46.346 sec  <<< FAILURE!
java.lang.NullPointerException: null
	at com.williamssonoma.williamsSonomaTestAutomation.WilliamsSonomaCookwareShoppingCartTests.verifyProductSavedForLater(WilliamsSonomaCookwareShoppingCartTests.java:62)

