<?xml version="1.0" encoding="UTF-8"?>
<testng-results skipped="1" failed="0" total="1" passed="0">
  <reporter-output>
  </reporter-output>
  <suite name="Command line suite" duration-ms="4867" started-at="2018-01-10T10:55:55Z" finished-at="2018-01-10T10:56:00Z">
    <groups>
    </groups>
    <test name="Command line test" duration-ms="4867" started-at="2018-01-10T10:55:55Z" finished-at="2018-01-10T10:56:00Z">
      <class name="com.williamssonoma.williamsSonomaTestAutomation.WilliamsSonomaCookwareShoppingCartTests">
        <test-method status="PASS" signature="beforeSuite()[pri:0, instance:[WilliamsSonomaCookwareShoppingCartTests passed=0 failed=0 skipped=0]]" name="beforeSuite" is-config="true" duration-ms="0" started-at="2018-01-10T02:55:55Z" finished-at="2018-01-10T02:55:55Z">
          <reporter-output>
          </reporter-output>
        </test-method> <!-- beforeSuite -->
        <test-method status="PASS" signature="beforeTest()[pri:0, instance:[WilliamsSonomaCookwareShoppingCartTests passed=0 failed=0 skipped=0]]" name="beforeTest" is-config="true" duration-ms="4758" started-at="2018-01-10T02:55:55Z" finished-at="2018-01-10T02:56:00Z">
          <reporter-output>
          </reporter-output>
        </test-method> <!-- beforeTest -->
        <test-method status="FAIL" signature="beforeMethod(java.lang.reflect.Method)[pri:0, instance:[WilliamsSonomaCookwareShoppingCartTests passed=0 failed=0 skipped=0]]" name="beforeMethod" is-config="true" duration-ms="0" started-at="2018-01-10T02:56:00Z" finished-at="2018-01-10T02:56:00Z">
          <params>
            <param index="0">
              <value>
                <![CDATA[public void com.williamssonoma.williamsSonomaTestAutomation.WilliamsSonomaCookwareShoppingCartTests.verifyProductSavedForLater() throws java.lang.InterruptedException]]>
              </value>
            </param>
          </params>
          <exception class="java.lang.NoClassDefFoundError">
            <message>
              <![CDATA[org/w3c/dom/ElementTraversal]]>
            </message>
            <full-stacktrace>
              <![CDATA[java.lang.NoClassDefFoundError: org/w3c/dom/ElementTraversal
	at java.lang.ClassLoader.defineClass1(Native Method)
	at java.lang.ClassLoader.defineClass(ClassLoader.java:763)
	at java.security.SecureClassLoader.defineClass(SecureClassLoader.java:142)
	at java.net.URLClassLoader.defineClass(URLClassLoader.java:467)
	at java.net.URLClassLoader.access$100(URLClassLoader.java:73)
	at java.net.URLClassLoader$1.run(URLClassLoader.java:368)
	at java.net.URLClassLoader$1.run(URLClassLoader.java:362)
	at java.security.AccessController.doPrivileged(Native Method)
	at java.net.URLClassLoader.findClass(URLClassLoader.java:361)
	at java.lang.ClassLoader.loadClass(ClassLoader.java:424)
	at sun.misc.Launcher$AppClassLoader.loadClass(Launcher.java:335)
	at java.lang.ClassLoader.loadClass(ClassLoader.java:357)
	at org.apache.xerces.parsers.AbstractDOMParser.startDocument(Unknown Source)
	at org.apache.xerces.impl.dtd.XMLDTDValidator.startDocument(Unknown Source)
	at org.apache.xerces.impl.XMLDocumentScannerImpl.startEntity(Unknown Source)
	at org.apache.xerces.impl.XMLVersionDetector.startDocumentParsing(Unknown Source)
	at org.apache.xerces.parsers.XML11Configuration.parse(Unknown Source)
	at org.apache.xerces.parsers.XML11Configuration.parse(Unknown Source)
	at org.apache.xerces.parsers.XMLParser.parse(Unknown Source)
	at org.apache.xerces.parsers.DOMParser.parse(Unknown Source)
	at org.apache.xerces.jaxp.DocumentBuilderImpl.parse(Unknown Source)
	at javax.xml.parsers.DocumentBuilder.parse(DocumentBuilder.java:121)
	at com.relevantcodes.extentreports.Configuration.getConfigurationMap(Configuration.java:38)
	at com.relevantcodes.extentreports.Report.loadConfig(Report.java:474)
	at com.relevantcodes.extentreports.Report.<init>(Report.java:611)
	at com.relevantcodes.extentreports.ExtentReports.<init>(ExtentReports.java:74)
	at com.relevantcodes.extentreports.ExtentReports.<init>(ExtentReports.java:420)
	at com.williamssonoma.automationCore.extentReport.ExtentManager.getInstance(ExtentManager.java:11)
	at com.williamssonoma.automationCore.extentReport.ExtentTestManager.<clinit>(ExtentTestManager.java:12)
	at com.williamssonoma.williamsSonomaTestAutomation.BaseTestCase.beforeMethod(BaseTestCase.java:56)
	at sun.reflect.NativeMethodAccessorImpl.invoke0(Native Method)
	at sun.reflect.NativeMethodAccessorImpl.invoke(NativeMethodAccessorImpl.java:62)
	at sun.reflect.DelegatingMethodAccessorImpl.invoke(DelegatingMethodAccessorImpl.java:43)
	at java.lang.reflect.Method.invoke(Method.java:498)
	at org.testng.internal.MethodInvocationHelper.invokeMethod(MethodInvocationHelper.java:85)
	at org.testng.internal.Invoker.invokeConfigurationMethod(Invoker.java:510)
	at org.testng.internal.Invoker.invokeConfigurations(Invoker.java:211)
	at org.testng.internal.Invoker.invokeMethod(Invoker.java:585)
	at org.testng.internal.Invoker.invokeTestMethod(Invoker.java:816)
	at org.testng.internal.Invoker.invokeTestMethods(Invoker.java:1124)
	at org.testng.internal.TestMethodWorker.invokeTestMethods(TestMethodWorker.java:125)
	at org.testng.internal.TestMethodWorker.run(TestMethodWorker.java:108)
	at org.testng.TestRunner.privateRun(TestRunner.java:774)
	at org.testng.TestRunner.run(TestRunner.java:624)
	at org.testng.SuiteRunner.runTest(SuiteRunner.java:359)
	at org.testng.SuiteRunner.runSequentially(SuiteRunner.java:354)
	at org.testng.SuiteRunner.privateRun(SuiteRunner.java:312)
	at org.testng.SuiteRunner.run(SuiteRunner.java:261)
	at org.testng.SuiteRunnerWorker.runSuite(SuiteRunnerWorker.java:52)
	at org.testng.SuiteRunnerWorker.run(SuiteRunnerWorker.java:86)
	at org.testng.TestNG.runSuitesSequentially(TestNG.java:1215)
	at org.testng.TestNG.runSuitesLocally(TestNG.java:1140)
	at org.testng.TestNG.run(TestNG.java:1048)
	at com.williamssonoma.williamsSonomaTestAutomation.Runner.testRunnerTestNg(Runner.java:43)
	at com.williamssonoma.williamsSonomaTestAutomation.Runner$1.run(Runner.java:26)
	at java.util.concurrent.Executors$RunnableAdapter.call(Executors.java:511)
	at java.util.concurrent.FutureTask.run(FutureTask.java:266)
	at java.util.concurrent.ThreadPoolExecutor.runWorker(ThreadPoolExecutor.java:1149)
	at java.util.concurrent.ThreadPoolExecutor$Worker.run(ThreadPoolExecutor.java:624)
	at java.lang.Thread.run(Thread.java:748)
Caused by: java.lang.ClassNotFoundException: org.w3c.dom.ElementTraversal
	at java.net.URLClassLoader.findClass(URLClassLoader.java:381)
	at java.lang.ClassLoader.loadClass(ClassLoader.java:424)
	at sun.misc.Launcher$AppClassLoader.loadClass(Launcher.java:335)
	at java.lang.ClassLoader.loadClass(ClassLoader.java:357)
	... 60 more
]]>
            </full-stacktrace>
          </exception> <!-- java.lang.NoClassDefFoundError -->
          <reporter-output>
          </reporter-output>
        </test-method> <!-- beforeMethod -->
        <test-method status="SKIP" signature="afterClass()[pri:0, instance:[WilliamsSonomaCookwareShoppingCartTests passed=0 failed=0 skipped=0]]" name="afterClass" is-config="true" duration-ms="0" started-at="2018-01-10T02:56:00Z" finished-at="2018-01-10T02:56:00Z">
          <reporter-output>
          </reporter-output>
        </test-method> <!-- afterClass -->
        <test-method status="SKIP" signature="verifyProductSavedForLater()[pri:0, instance:[WilliamsSonomaCookwareShoppingCartTests passed=0 failed=0 skipped=0]]" name="verifyProductSavedForLater" duration-ms="0" started-at="2018-01-10T02:56:00Z" finished-at="2018-01-10T02:56:00Z">
          <reporter-output>
          </reporter-output>
        </test-method> <!-- verifyProductSavedForLater -->
        <test-method status="SKIP" signature="teardown()[pri:0, instance:[WilliamsSonomaCookwareShoppingCartTests passed=0 failed=0 skipped=0]]" name="teardown" is-config="true" duration-ms="0" started-at="2018-01-10T02:56:00Z" finished-at="2018-01-10T02:56:00Z">
          <reporter-output>
          </reporter-output>
        </test-method> <!-- teardown -->
        <test-method status="SKIP" signature="afterMethod(org.testng.ITestResult)[pri:0, instance:[WilliamsSonomaCookwareShoppingCartTests passed=0 failed=0 skipped=0]]" name="afterMethod" is-config="true" duration-ms="0" started-at="2018-01-10T02:56:00Z" finished-at="2018-01-10T02:56:00Z">
          <reporter-output>
          </reporter-output>
        </test-method> <!-- afterMethod -->
        <test-method status="SKIP" signature="afterSuite()[pri:0, instance:[WilliamsSonomaCookwareShoppingCartTests passed=0 failed=0 skipped=0]]" name="afterSuite" is-config="true" duration-ms="0" started-at="2018-01-10T02:56:00Z" finished-at="2018-01-10T02:56:00Z">
          <reporter-output>
          </reporter-output>
        </test-method> <!-- afterSuite -->
      </class> <!-- com.williamssonoma.williamsSonomaTestAutomation.WilliamsSonomaCookwareShoppingCartTests -->
    </test> <!-- Command line test -->
  </suite> <!-- Command line suite -->
</testng-results>
